<?xml version="1.0" encoding="UTF-8"?>
<testng-results skipped="0" failed="0" ignored="0" total="1" passed="1">
  <reporter-output>
  </reporter-output>
  <suite name="Default suite" duration-ms="4268" started-at="2018-10-04T18:35:52Z" finished-at="2018-10-04T18:35:56Z">
    <groups>
    </groups>
    <test name="Default test" duration-ms="4268" started-at="2018-10-04T18:35:52Z" finished-at="2018-10-04T18:35:56Z">
      <class name="basicTest.CaliberAssessBatch">
        <test-method status="PASS" signature="setUpDriverAndPage()[pri:0, instance:basicTest.CaliberAssessBatch@5c3bd550]" name="setUpDriverAndPage" is-config="true" duration-ms="15794" started-at="2018-10-04T18:35:36Z" finished-at="2018-10-04T18:35:52Z">
          <reporter-output>
          </reporter-output>
        </test-method> <!-- setUpDriverAndPage -->
        <test-method status="PASS" signature="navigateToAssess()[pri:0, instance:basicTest.CaliberAssessBatch@5c3bd550]" name="navigateToAssess" duration-ms="4197" started-at="2018-10-04T18:35:52Z" finished-at="2018-10-04T18:35:56Z">
          <reporter-output>
          </reporter-output>
        </test-method> <!-- navigateToAssess -->
        <test-method status="PASS" signature="cleanup()[pri:0, instance:basicTest.CaliberAssessBatch@5c3bd550]" name="cleanup" is-config="true" duration-ms="1222" started-at="2018-10-04T18:35:57Z" finished-at="2018-10-04T18:35:58Z">
          <reporter-output>
          </reporter-output>
        </test-method> <!-- cleanup -->
      </class> <!-- basicTest.CaliberAssessBatch -->
    </test> <!-- Default test -->
  </suite> <!-- Default suite -->
</testng-results>
